C:\My\Education\Angular\MVCAngular\MVCAngularTest1\WebApplication1\WebApplication1\scripts\out-tsc\src\app\app.component.js
C:\My\Education\Angular\MVCAngular\MVCAngularTest1\WebApplication1\WebApplication1\scripts\out-tsc\src\app\app.component.js.map
C:\My\Education\Angular\MVCAngular\MVCAngularTest1\WebApplication1\WebApplication1\scripts\out-tsc\src\app\app.module.js
C:\My\Education\Angular\MVCAngular\MVCAngularTest1\WebApplication1\WebApplication1\scripts\out-tsc\src\app\app.module.js.map
C:\My\Education\Angular\MVCAngular\MVCAngularTest1\WebApplication1\WebApplication1\scripts\out-tsc\src\environments\environment.js
C:\My\Education\Angular\MVCAngular\MVCAngularTest1\WebApplication1\WebApplication1\scripts\out-tsc\src\environments\environment.js.map
C:\My\Education\Angular\MVCAngular\MVCAngularTest1\WebApplication1\WebApplication1\scripts\out-tsc\src\main.js
C:\My\Education\Angular\MVCAngular\MVCAngularTest1\WebApplication1\WebApplication1\scripts\out-tsc\src\main.js.map
C:\My\Education\Angular\MVCAngular\MVCAngularTest1\WebApplication1\WebApplication1\scripts\out-tsc\src\polyfills.js
C:\My\Education\Angular\MVCAngular\MVCAngularTest1\WebApplication1\WebApplication1\scripts\out-tsc\src\polyfills.js.map
C:\My\Education\Angular\MVCAngular\MVCAngularTest1\WebApplication1\WebApplication1\scripts\out-tsc\src\test.js
C:\My\Education\Angular\MVCAngular\MVCAngularTest1\WebApplication1\WebApplication1\scripts\out-tsc\src\test.js.map
C:\My\Education\Angular\MVCAngular\MVCAngularTest1\WebApplication1\WebApplication1\scripts\out-tsc\e2e\src\app.po.js
C:\My\Education\Angular\MVCAngular\MVCAngularTest1\WebApplication1\WebApplication1\scripts\out-tsc\e2e\src\app.po.js.map
C:\My\Education\Angular\MVCAngular\MVCAngularTest1\WebApplication1\WebApplication1\scripts\out-tsc\e2e\src\app.e2e-spec.js
C:\My\Education\Angular\MVCAngular\MVCAngularTest1\WebApplication1\WebApplication1\scripts\out-tsc\e2e\src\app.e2e-spec.js.map
C:\My\Education\Angular\MVCAngular\MVCAngularTest1\WebApplication1\WebApplication1\scripts\out-tsc\src\app\app.component.spec.js
C:\My\Education\Angular\MVCAngular\MVCAngularTest1\WebApplication1\WebApplication1\scripts\out-tsc\src\app\app.component.spec.js.map
C:\My\Education\Angular\MVCAngular\MVCAngularTest1\WebApplication1\WebApplication1\scripts\out-tsc\src\environments\environment.prod.js
C:\My\Education\Angular\MVCAngular\MVCAngularTest1\WebApplication1\WebApplication1\scripts\out-tsc\src\environments\environment.prod.js.map
